<?xml version="1.0" encoding="UTF-8"?>
<!-- Generated by org.testng.reporters.JUnitXMLReporter -->
<testsuite hostname="MDTR18" ignored="2" name="loginTest" tests="2" failures="2" timestamp="12 May 2019 10:03:25 GMT" time="87.35" errors="0">
  <testcase name="validCredentialTest" time="32.997" classname="com.maveric.emrtest.LoginFeatureTest">
    <failure type="org.openqa.selenium.NoSuchElementException" message="Cannot locate element with text: English(Indian)
For documentation on this error, please visit: https://www.seleniumhq.org/exceptions/no_such_element.html
Build info: version: &amp;apos;3.141.59&amp;apos;, revision: &amp;apos;e82be7d358&amp;apos;, time: &amp;apos;2018-11-14T08:25:53&amp;apos;
System info: host: &amp;apos;MDTR18&amp;apos;, ip: &amp;apos;192.168.27.25&amp;apos;, os.name: &amp;apos;Windows 7&amp;apos;, os.arch: &amp;apos;amd64&amp;apos;, os.version: &amp;apos;6.1&amp;apos;, java.version: &amp;apos;1.8.0_201&amp;apos;
Driver info: driver.version: unknown">
      <![CDATA[org.openqa.selenium.NoSuchElementException: Cannot locate element with text: English(Indian)
For documentation on this error, please visit: https://www.seleniumhq.org/exceptions/no_such_element.html
Build info: version: '3.141.59', revision: 'e82be7d358', time: '2018-11-14T08:25:53'
System info: host: 'MDTR18', ip: '192.168.27.25', os.name: 'Windows 7', os.arch: 'amd64', os.version: '6.1', java.version: '1.8.0_201'
Driver info: driver.version: unknown
at org.openqa.selenium.support.ui.Select.selectByVisibleText(Select.java:147)
at com.maveric.emrtest.LoginFeatureTest.validCredentialTest(LoginFeatureTest.java:218)
... Removed 25 stack frames]]>
    </failure>
  </testcase> <!-- validCredentialTest -->
  <testcase name="validCredentialTest" time="32.965" classname="com.maveric.emrtest.LoginFeatureTest">
    <failure type="org.openqa.selenium.NoSuchElementException" message="Cannot locate element with text: English(Indian)
For documentation on this error, please visit: https://www.seleniumhq.org/exceptions/no_such_element.html
Build info: version: &amp;apos;3.141.59&amp;apos;, revision: &amp;apos;e82be7d358&amp;apos;, time: &amp;apos;2018-11-14T08:25:53&amp;apos;
System info: host: &amp;apos;MDTR18&amp;apos;, ip: &amp;apos;192.168.27.25&amp;apos;, os.name: &amp;apos;Windows 7&amp;apos;, os.arch: &amp;apos;amd64&amp;apos;, os.version: &amp;apos;6.1&amp;apos;, java.version: &amp;apos;1.8.0_201&amp;apos;
Driver info: driver.version: unknown">
      <![CDATA[org.openqa.selenium.NoSuchElementException: Cannot locate element with text: English(Indian)
For documentation on this error, please visit: https://www.seleniumhq.org/exceptions/no_such_element.html
Build info: version: '3.141.59', revision: 'e82be7d358', time: '2018-11-14T08:25:53'
System info: host: 'MDTR18', ip: '192.168.27.25', os.name: 'Windows 7', os.arch: 'amd64', os.version: '6.1', java.version: '1.8.0_201'
Driver info: driver.version: unknown
at org.openqa.selenium.support.ui.Select.selectByVisibleText(Select.java:147)
at com.maveric.emrtest.LoginFeatureTest.validCredentialTest(LoginFeatureTest.java:218)
... Removed 25 stack frames]]>
    </failure>
  </testcase> <!-- validCredentialTest -->
  <testcase name="InvalidCredentialTest" time="0.0" classname="com.maveric.emrtest.LoginFeatureTest">
    <ignored/>
  </testcase> <!-- InvalidCredentialTest -->
  <testcase name="CheckTotalLinkCount" time="0.0" classname="com.maveric.emrtest.LoginFeatureTest">
    <ignored/>
  </testcase> <!-- CheckTotalLinkCount -->
</testsuite> <!-- loginTest -->
